#
# A fatal error has been detected by the Java Runtime Environment:
#
#  SIGSEGV (0xb) at pc=0x000000011019eacb, pid=7299, tid=0x0000000000009a03
#
# JRE version: Java(TM) SE Runtime Environment (8.0_181-b13) (build 1.8.0_181-b13)
# Java VM: Java HotSpot(TM) 64-Bit Server VM (25.181-b13 mixed mode bsd-amd64 compressed oops)
# Problematic frame:
# j  ipark.ParkingLot.<init>(Ljava/util/Map;)V+56
#
# Failed to write core dump. Core dumps have been disabled. To enable core dumping, try "ulimit -c unlimited" before starting Java again
#
# If you would like to submit a bug report, please visit:
#   http://bugreport.java.com/bugreport/crash.jsp
#

---------------  T H R E A D  ---------------

Current thread (0x00007fca6e9c3000):  JavaThread "http-nio-8080-exec-5" daemon [_thread_in_Java, id=39427, stack(0x000070000d460000,0x000070000d560000)]

siginfo: si_signo: 11 (SIGSEGV), si_code: 1 (SEGV_MAPERR), si_addr: 0x0000000100001fa0

Registers:
RAX=0x000000010b0fac00, RBX=0x000000012143c100, RCX=0x0000000100001fa0, RDX=0x00000001101822bd
RSP=0x000070000d557b50, RBP=0x000070000d557ba0, RSI=0x0000000000000007, RDI=0x00007fca6e9c3000
R8 =0x0000000000000000, R9 =0x0000000000000000, R10=0x000000010b0fb6b0, R11=0x00000001102a0d80
R12=0x0000000000000000, R13=0x000000012143be60, R14=0x000070000d557bc0, R15=0x00007fca6e9c3000
RIP=0x000000011019eacb, EFLAGS=0x0000000000010a06, ERR=0x0000000000000004
  TRAPNO=0x000000000000000e

Top of Stack: (sp=0x000070000d557b50)
0x000070000d557b50:   00000001101822bd 0000000100001fa0
0x000070000d557b60:   000070000d557b60 000000012143be60
0x000070000d557b70:   000070000d557bc0 0000000122381f10
0x000070000d557b80:   0000000000000000 000000012143beb8
0x000070000d557b90:   0000000000000000 000070000d557bb8
0x000070000d557ba0:   000070000d557c20 000000011017a7a7
0x000070000d557bb0:   00000007bbe8f5f0 00000007b4f8c8f0
0x000070000d557bc0:   0000000100001fa0 000000000000000c
0x000070000d557bd0:   00007fca6e9c3000 0000000000000001
0x000070000d557be0:   000000011017a71f 000000012143beb8
0x000070000d557bf0:   000070000d557cb8 000070000d558010
0x000070000d557c00:   000000010000000c 000000012143beb8
0x000070000d557c10:   000000011018d600 000070000d558020
0x000070000d557c20:   000070000d557dd0 000000010aaefcba
0x000070000d557c30:   0000700000000001 00007fca6e9c3000
0x000070000d557c40:   0000000000000000 000070000d558010
0x000070000d557c50:   00007fca6f3826d8 000000011018d600
0x000070000d557c60:   010000010db9cdc8 000070000d558018
0x000070000d557c70:   000070000d558008 00007fca6e9c3000
0x000070000d557c80:   00007fca6e9c3000 00007fca6f35bd90
0x000070000d557c90:   00007fca6f382620 00007fca6f3826f0
0x000070000d557ca0:   00007fca6f382708 00000000000000d8
0x000070000d557cb0:   000070000d558a10 00007fca6e9c3000
0x000070000d557cc0:   00007fca6f9b4810 000000012143beb8
0x000070000d557cd0:   00000007b4f8c8f0 000070000d558290
0x000070000d557ce0:   000000011072dd37 0000000000000000
0x000070000d557cf0:   000070000d558008 00000007b4f8a580
0x000070000d557d00:   000070000d557d20 000000012143beb8
0x000070000d557d10:   00007fca6e9c3000 00007fca6e9c3000
0x000070000d557d20:   0000000000000011 000000010ac6be74
0x000070000d557d30:   000070000d557dd8 000000012143beb8
0x000070000d557d40:   00007fca6e9c3000 000000010aa4de34 

Instructions: (pc=0x000000011019eacb)
0x000000011019eaab:   28 8b ca 81 e1 ff 00 00 00 48 8b 4c cc f8 c1 ea
0x000000011019eabb:   1c 49 ba b0 b6 0f 0b 01 00 00 00 49 8b 14 d2 52
0x000000011019eacb:   48 3b 01 48 8b 45 e0 48 85 c0 0f 84 12 00 00 00
0x000000011019eadb:   48 83 40 08 01 48 83 58 08 00 48 83 c0 10 48 89 

Register to memory mapping:

RAX=0x000000010b0fac00: _ZN20SafepointSynchronize6_stateE+0 in /Users/jnvillar/.sdkman/candidates/java/8.0.181-oracle/jre/lib/server/libjvm.dylib at 0x000000010a800000
RBX={method} {0x000000012143c100} '<init>' '()V' in 'ipark/ParkingLot'
RCX=0x0000000100001fa0 is an unknown value
RDX=0x00000001101822bd is at code_begin+2301 in an Interpreter codelet
invoke return entry points  [0x00000001101819c0, 0x00000001101823a0]  2528 bytes
RSP=0x000070000d557b50 is pointing into the stack for thread: 0x00007fca6e9c3000
RBP=0x000070000d557ba0 is pointing into the stack for thread: 0x00007fca6e9c3000
RSI=0x0000000000000007 is an unknown value
RDI=0x00007fca6e9c3000 is a thread
R8 =0x0000000000000000 is an unknown value
R9 =0x0000000000000000 is an unknown value
R10=0x000000010b0fb6b0: _ZN19TemplateInterpreter20_invoke_return_entryE+0 in /Users/jnvillar/.sdkman/candidates/java/8.0.181-oracle/jre/lib/server/libjvm.dylib at 0x000000010a800000
R11=0x00000001102a0d80 is at entry_point+32 in (nmethod*)0x00000001102a0c10
R12=0x0000000000000000 is an unknown value
R13=0x000000012143be60 is pointing into metadata
R14=0x000070000d557bc0 is pointing into the stack for thread: 0x00007fca6e9c3000
R15=0x00007fca6e9c3000 is a thread


Stack: [0x000070000d460000,0x000070000d560000],  sp=0x000070000d557b50,  free space=990k
Native frames: (J=compiled Java code, j=interpreted, Vv=VM code, C=native code)
j  ipark.ParkingLot.<init>(Ljava/util/Map;)V+56
v  ~StubRoutines::call_stub
V  [libjvm.dylib+0x2efcba]  JavaCalls::call_helper(JavaValue*, methodHandle*, JavaCallArguments*, Thread*)+0x6ae
V  [libjvm.dylib+0x4d67a8]  Reflection::invoke(instanceKlassHandle, methodHandle, Handle, bool, objArrayHandle, BasicType, objArrayHandle, bool, Thread*)+0xe12
V  [libjvm.dylib+0x4d6cdc]  Reflection::invoke_method(oopDesc*, Handle, objArrayHandle, Thread*)+0x16c
V  [libjvm.dylib+0x348208]  JVM_InvokeMethod+0x166
J 2068  sun.reflect.NativeMethodAccessorImpl.invoke0(Ljava/lang/reflect/Method;Ljava/lang/Object;[Ljava/lang/Object;)Ljava/lang/Object; (0 bytes) @ 0x000000011072ddad [0x000000011072dcc0+0xed]
J 2067 C1 sun.reflect.NativeMethodAccessorImpl.invoke(Ljava/lang/Object;[Ljava/lang/Object;)Ljava/lang/Object; (104 bytes) @ 0x000000011072e48c [0x000000011072e0e0+0x3ac]
J 789 C1 sun.reflect.DelegatingMethodAccessorImpl.invoke(Ljava/lang/Object;[Ljava/lang/Object;)Ljava/lang/Object; (10 bytes) @ 0x00000001105157c4 [0x0000000110515780+0x44]
J 788 C1 java.lang.reflect.Method.invoke(Ljava/lang/Object;[Ljava/lang/Object;)Ljava/lang/Object; (62 bytes) @ 0x00000001105153a4 [0x00000001105152a0+0x104]
J 1864 C1 org.springsource.loaded.ri.ReflectiveInterceptor.jlrMethodInvoke(Ljava/lang/reflect/Method;Ljava/lang/Object;[Ljava/lang/Object;)Ljava/lang/Object; (2214 bytes) @ 0x00000001106d04d4 [0x00000001106cee60+0x1674]
J 3677 C1 org.codehaus.groovy.reflection.CachedMethod.invoke(Ljava/lang/Object;[Ljava/lang/Object;)Ljava/lang/Object; (70 bytes) @ 0x0000000110ab09fc [0x0000000110ab09c0+0x3c]
J 1885 C1 groovy.lang.MetaMethod.doMethodInvoke(Ljava/lang/Object;[Ljava/lang/Object;)Ljava/lang/Object; (22 bytes) @ 0x00000001106e3854 [0x00000001106e37e0+0x74]
J 4289 C1 org.codehaus.groovy.runtime.metaclass.MethodMetaProperty$GetBeanMethodMetaProperty.getProperty(Ljava/lang/Object;)Ljava/lang/Object; (12 bytes) @ 0x0000000110bd1c4c [0x0000000110bd1c00+0x4c]
j  org.codehaus.groovy.runtime.callsite.GetEffectivePogoPropertySite.getProperty(Ljava/lang/Object;)Ljava/lang/Object;+5
J 3689 C1 org.codehaus.groovy.runtime.callsite.AbstractCallSite.callGetProperty(Ljava/lang/Object;)Ljava/lang/Object; (12 bytes) @ 0x0000000110ab5a24 [0x0000000110ab59c0+0x64]
j  ipark.Reservation$__clinit__closure2$$ER3MOH20.doCall(Lipark/Reservation$__clinit__closure2;Lipark/Reservation;)Ljava/lang/Object;+184
v  ~StubRoutines::call_stub
V  [libjvm.dylib+0x2efcba]  JavaCalls::call_helper(JavaValue*, methodHandle*, JavaCallArguments*, Thread*)+0x6ae
V  [libjvm.dylib+0x4d67a8]  Reflection::invoke(instanceKlassHandle, methodHandle, Handle, bool, objArrayHandle, BasicType, objArrayHandle, bool, Thread*)+0xe12
V  [libjvm.dylib+0x4d6cdc]  Reflection::invoke_method(oopDesc*, Handle, objArrayHandle, Thread*)+0x16c
V  [libjvm.dylib+0x348208]  JVM_InvokeMethod+0x166
J 2068  sun.reflect.NativeMethodAccessorImpl.invoke0(Ljava/lang/reflect/Method;Ljava/lang/Object;[Ljava/lang/Object;)Ljava/lang/Object; (0 bytes) @ 0x000000011072ddad [0x000000011072dcc0+0xed]
J 2067 C1 sun.reflect.NativeMethodAccessorImpl.invoke(Ljava/lang/Object;[Ljava/lang/Object;)Ljava/lang/Object; (104 bytes) @ 0x000000011072e48c [0x000000011072e0e0+0x3ac]
J 789 C1 sun.reflect.DelegatingMethodAccessorImpl.invoke(Ljava/lang/Object;[Ljava/lang/Object;)Ljava/lang/Object; (10 bytes) @ 0x00000001105157c4 [0x0000000110515780+0x44]
J 788 C1 java.lang.reflect.Method.invoke(Ljava/lang/Object;[Ljava/lang/Object;)Ljava/lang/Object; (62 bytes) @ 0x00000001105153a4 [0x00000001105152a0+0x104]
j  org.springsource.loaded.ri.ReloadedTypeInvoker$2.invoke(Ljava/lang/Object;[Ljava/lang/Object;)Ljava/lang/Object;+66
J 1864 C1 org.springsource.loaded.ri.ReflectiveInterceptor.jlrMethodInvoke(Ljava/lang/reflect/Method;Ljava/lang/Object;[Ljava/lang/Object;)Ljava/lang/Object; (2214 bytes) @ 0x00000001106d05dc [0x00000001106cee60+0x177c]
J 3677 C1 org.codehaus.groovy.reflection.CachedMethod.invoke(Ljava/lang/Object;[Ljava/lang/Object;)Ljava/lang/Object; (70 bytes) @ 0x0000000110ab09fc [0x0000000110ab09c0+0x3c]
J 1885 C1 groovy.lang.MetaMethod.doMethodInvoke(Ljava/lang/Object;[Ljava/lang/Object;)Ljava/lang/Object; (22 bytes) @ 0x00000001106e3854 [0x00000001106e37e0+0x74]
J 3650 C1 org.codehaus.groovy.runtime.metaclass.ClosureMetaClass.invokeMethod(Ljava/lang/Class;Ljava/lang/Object;Ljava/lang/String;[Ljava/lang/Object;ZZ)Ljava/lang/Object; (872 bytes) @ 0x0000000110a96fac [0x0000000110a95da0+0x120c]
J 1863 C1 groovy.lang.MetaClassImpl.invokeMethod(Ljava/lang/Object;Ljava/lang/String;[Ljava/lang/Object;)Ljava/lang/Object; (14 bytes) @ 0x00000001106cdde4 [0x00000001106cdd80+0x64]
J 4267 C1 groovy.lang.Closure.call([Ljava/lang/Object;)Ljava/lang/Object; (30 bytes) @ 0x0000000110bc37bc [0x0000000110bc3740+0x7c]
j  ipark.Reservation$__clinit__closure2.call([Ljava/lang/Object;)Ljava/lang/Object;+29
J 5852 C1 groovy.lang.Closure.call(Ljava/lang/Object;)Ljava/lang/Object; (13 bytes) @ 0x0000000110e3cb34 [0x0000000110e3ca00+0x134]
j  ipark.Reservation$__clinit__closure2.call(Ljava/lang/Object;)Ljava/lang/Object;+30
j  org.grails.web.converters.marshaller.ClosureObjectMarshaller.marshalObject(Ljava/lang/Object;Lorg/grails/web/converters/Converter;)V+22
j  grails.converters.JSON.value(Ljava/lang/Object;)V+234
j  grails.converters.JSON.convertAnother(Ljava/lang/Object;)V+2
j  org.grails.web.converters.marshaller.json.CollectionMarshaller.marshalObject(Ljava/lang/Object;Lgrails/converters/JSON;)V+43
j  org.grails.web.converters.marshaller.json.CollectionMarshaller.marshalObject(Ljava/lang/Object;Lorg/grails/web/converters/Converter;)V+6
j  grails.converters.JSON.value(Ljava/lang/Object;)V+234
j  grails.converters.JSON.render(Ljava/io/Writer;)V+10
j  org.grails.plugins.web.rest.render.json.DefaultJsonRenderer.renderJson(Lgrails/converters/JSON;Lgrails/rest/render/RenderContext;)V+31
j  org.grails.plugins.web.rest.render.json.DefaultJsonRenderer.renderJson(Ljava/lang/Object;Lgrails/rest/render/RenderContext;)V+104
j  org.grails.plugins.web.rest.render.json.DefaultJsonRenderer.render(Ljava/lang/Object;Lgrails/rest/render/RenderContext;)V+244
j  grails.artefact.controller.RestResponder$Trait$Helper.internalRespond(Lgrails/artefact/controller/RestResponder;Ljava/lang/Object;Ljava/util/Map;)Ljava/lang/Object;+1104
j  grails.artefact.controller.RestResponder$Trait$Helper.respond(Lgrails/artefact/controller/RestResponder;Ljava/util/Map;Ljava/lang/Object;)Ljava/lang/Object;+3
j  grails.artefact.controller.RestResponder$Trait$Helper$respond$1.call(Ljava/lang/Object;[Ljava/lang/Object;)Ljava/lang/Object;+24
J 3589 C1 org.codehaus.groovy.runtime.callsite.AbstractCallSite.call(Ljava/lang/Object;[Ljava/lang/Object;)Ljava/lang/Object; (7 bytes) @ 0x0000000110a7332c [0x0000000110a732c0+0x6c]
j  org.codehaus.groovy.runtime.callsite.AbstractCallSite.call(Ljava/lang/Object;Ljava/lang/Object;Ljava/lang/Object;Ljava/lang/Object;)Ljava/lang/Object;+42
j  ipark.ReservationController$$ER3MOH20.respond(Lipark/ReservationController;Ljava/util/Map;Ljava/lang/Object;)Ljava/lang/Object;+14
j  ipark.ReservationController$$DR3MOH20.respond(Lipark/ReservationController;Ljava/util/Map;Ljava/lang/Object;)Ljava/lang/Object;+3
j  ipark.ReservationController.respond(Ljava/util/Map;Ljava/lang/Object;)Ljava/lang/Object;+35
j  ipark.ReservationRestController$respond$1.callCurrent(Lgroovy/lang/GroovyObject;[Ljava/lang/Object;)Ljava/lang/Object;+62
j  org.codehaus.groovy.runtime.callsite.CallSiteArray.defaultCallCurrent(Lorg/codehaus/groovy/runtime/callsite/CallSite;Lgroovy/lang/GroovyObject;[Ljava/lang/Object;)Ljava/lang/Object;+17
j  org.codehaus.groovy.runtime.callsite.AbstractCallSite.callCurrent(Lgroovy/lang/GroovyObject;[Ljava/lang/Object;)Ljava/lang/Object;+3
j  org.codehaus.groovy.runtime.callsite.AbstractCallSite.callCurrent(Lgroovy/lang/GroovyObject;Ljava/lang/Object;Ljava/lang/Object;)Ljava/lang/Object;+38
j  grails.rest.RestfulController.index(Ljava/lang/Integer;)Ljava/lang/Object;+447
j  ipark.BaseController.index(Ljava/lang/Integer;)Ljava/lang/Object;+30
j  ipark.ReservationRestController.index(Ljava/lang/Integer;)Ljava/lang/Object;+30
j  ipark.ReservationController.index(Ljava/lang/Integer;)Ljava/lang/Object;+30
j  grails.rest.RestfulController.$tt__index(Lorg/springframework/transaction/TransactionStatus;)Ljava/lang/Object;+476
j  ipark.BaseController.$tt__index(Lorg/springframework/transaction/TransactionStatus;)Ljava/lang/Object;+30
j  ipark.ReservationRestController.$tt__index(Lorg/springframework/transaction/TransactionStatus;)Ljava/lang/Object;+30
j  ipark.ReservationController.$tt__index(Lorg/springframework/transaction/TransactionStatus;)Ljava/lang/Object;+30
v  ~StubRoutines::call_stub
V  [libjvm.dylib+0x2efcba]  JavaCalls::call_helper(JavaValue*, methodHandle*, JavaCallArguments*, Thread*)+0x6ae
V  [libjvm.dylib+0x4d67a8]  Reflection::invoke(instanceKlassHandle, methodHandle, Handle, bool, objArrayHandle, BasicType, objArrayHandle, bool, Thread*)+0xe12
V  [libjvm.dylib+0x4d6cdc]  Reflection::invoke_method(oopDesc*, Handle, objArrayHandle, Thread*)+0x16c
V  [libjvm.dylib+0x348208]  JVM_InvokeMethod+0x166
J 2068  sun.reflect.NativeMethodAccessorImpl.invoke0(Ljava/lang/reflect/Method;Ljava/lang/Object;[Ljava/lang/Object;)Ljava/lang/Object; (0 bytes) @ 0x000000011072ddad [0x000000011072dcc0+0xed]
J 2067 C1 sun.reflect.NativeMethodAccessorImpl.invoke(Ljava/lang/Object;[Ljava/lang/Object;)Ljava/lang/Object; (104 bytes) @ 0x000000011072e48c [0x000000011072e0e0+0x3ac]
J 789 C1 sun.reflect.DelegatingMethodAccessorImpl.invoke(Ljava/lang/Object;[Ljava/lang/Object;)Ljava/lang/Object; (10 bytes) @ 0x00000001105157c4 [0x0000000110515780+0x44]
J 788 C1 java.lang.reflect.Method.invoke(Ljava/lang/Object;[Ljava/lang/Object;)Ljava/lang/Object; (62 bytes) @ 0x00000001105153a4 [0x00000001105152a0+0x104]
J 1864 C1 org.springsource.loaded.ri.ReflectiveInterceptor.jlrMethodInvoke(Ljava/lang/reflect/Method;Ljava/lang/Object;[Ljava/lang/Object;)Ljava/lang/Object; (2214 bytes) @ 0x00000001106d062c [0x00000001106cee60+0x17cc]
J 3677 C1 org.codehaus.groovy.reflection.CachedMethod.invoke(Ljava/lang/Object;[Ljava/lang/Object;)Ljava/lang/Object; (70 bytes) @ 0x0000000110ab09fc [0x0000000110ab09c0+0x3c]
J 1885 C1 groovy.lang.MetaMethod.doMethodInvoke(Ljava/lang/Object;[Ljava/lang/Object;)Ljava/lang/Object; (22 bytes) @ 0x00000001106e3854 [0x00000001106e37e0+0x74]
J 3711 C1 groovy.lang.MetaClassImpl.invokeMethod(Ljava/lang/Class;Ljava/lang/Object;Ljava/lang/String;[Ljava/lang/Object;ZZ)Ljava/lang/Object; (1088 bytes) @ 0x0000000110ac1a14 [0x0000000110ac0780+0x1294]
J 1863 C1 groovy.lang.MetaClassImpl.invokeMethod(Ljava/lang/Object;Ljava/lang/String;[Ljava/lang/Object;)Ljava/lang/Object; (14 bytes) @ 0x00000001106cdde4 [0x00000001106cdd80+0x64]
J 7298 C1 org.codehaus.groovy.runtime.InvokerHelper.invokePogoMethod(Ljava/lang/Object;Ljava/lang/String;Ljava/lang/Object;)Ljava/lang/Object; (109 bytes) @ 0x00000001106fb3dc [0x00000001106fb140+0x29c]
J 3425 C1 org.codehaus.groovy.runtime.InvokerHelper.invokeMethod(Ljava/lang/Object;Ljava/lang/String;Ljava/lang/Object;)Ljava/lang/Object; (66 bytes) @ 0x0000000110a18f8c [0x0000000110a189a0+0x5ec]
j  org.codehaus.groovy.runtime.InvokerHelper.invokeMethodSafe(Ljava/lang/Object;Ljava/lang/String;Ljava/lang/Object;)Ljava/lang/Object;+7
j  grails.rest.RestfulController$_index_closure9.doCall(Lorg/springframework/transaction/TransactionStatus;)Ljava/lang/Object;+17
v  ~StubRoutines::call_stub
V  [libjvm.dylib+0x2efcba]  JavaCalls::call_helper(JavaValue*, methodHandle*, JavaCallArguments*, Thread*)+0x6ae
V  [libjvm.dylib+0x4d67a8]  Reflection::invoke(instanceKlassHandle, methodHandle, Handle, bool, objArrayHandle, BasicType, objArrayHandle, bool, Thread*)+0xe12
V  [libjvm.dylib+0x4d6cdc]  Reflection::invoke_method(oopDesc*, Handle, objArrayHandle, Thread*)+0x16c
V  [libjvm.dylib+0x348208]  JVM_InvokeMethod+0x166
J 2068  sun.reflect.NativeMethodAccessorImpl.invoke0(Ljava/lang/reflect/Method;Ljava/lang/Object;[Ljava/lang/Object;)Ljava/lang/Object; (0 bytes) @ 0x000000011072ddad [0x000000011072dcc0+0xed]
J 2067 C1 sun.reflect.NativeMethodAccessorImpl.invoke(Ljava/lang/Object;[Ljava/lang/Object;)Ljava/lang/Object; (104 bytes) @ 0x000000011072e48c [0x000000011072e0e0+0x3ac]
J 789 C1 sun.reflect.DelegatingMethodAccessorImpl.invoke(Ljava/lang/Object;[Ljava/lang/Object;)Ljava/lang/Object; (10 bytes) @ 0x00000001105157c4 [0x0000000110515780+0x44]
J 788 C1 java.lang.reflect.Method.invoke(Ljava/lang/Object;[Ljava/lang/Object;)Ljava/lang/Object; (62 bytes) @ 0x00000001105153a4 [0x00000001105152a0+0x104]
J 1864 C1 org.springsource.loaded.ri.ReflectiveInterceptor.jlrMethodInvoke(Ljava/lang/reflect/Method;Ljava/lang/Object;[Ljava/lang/Object;)Ljava/lang/Object; (2214 bytes) @ 0x00000001106d062c [0x00000001106cee60+0x17cc]
J 3677 C1 org.codehaus.groovy.reflection.CachedMethod.invoke(Ljava/lang/Object;[Ljava/lang/Object;)Ljava/lang/Object; (70 bytes) @ 0x0000000110ab09fc [0x0000000110ab09c0+0x3c]
J 1885 C1 groovy.lang.MetaMethod.doMethodInvoke(Ljava/lang/Object;[Ljava/lang/Object;)Ljava/lang/Object; (22 bytes) @ 0x00000001106e3854 [0x00000001106e37e0+0x74]
J 3650 C1 org.codehaus.groovy.runtime.metaclass.ClosureMetaClass.invokeMethod(Ljava/lang/Class;Ljava/lang/Object;Ljava/lang/String;[Ljava/lang/Object;ZZ)Ljava/lang/Object; (872 bytes) @ 0x0000000110a96fac [0x0000000110a95da0+0x120c]
J 1863 C1 groovy.lang.MetaClassImpl.invokeMethod(Ljava/lang/Object;Ljava/lang/String;[Ljava/lang/Object;)Ljava/lang/Object; (14 bytes) @ 0x00000001106cdde4 [0x00000001106cdd80+0x64]
J 4267 C1 groovy.lang.Closure.call([Ljava/lang/Object;)Ljava/lang/Object; (30 bytes) @ 0x0000000110bc37bc [0x0000000110bc3740+0x7c]
J 5852 C1 groovy.lang.Closure.call(Ljava/lang/Object;)Ljava/lang/Object; (13 bytes) @ 0x0000000110e3cb34 [0x0000000110e3ca00+0x134]
...<more frames>...


---------------  P R O C E S S  ---------------

Java Threads: ( => current thread )
  0x00007fca6d3cb000 JavaThread "http-nio-8080-exec-10" daemon [_thread_blocked, id=38147, stack(0x000070000d96f000,0x000070000da6f000)]
  0x00007fca6e4c3000 JavaThread "http-nio-8080-exec-9" daemon [_thread_blocked, id=38403, stack(0x000070000d86c000,0x000070000d96c000)]
  0x00007fca6e4c0800 JavaThread "http-nio-8080-exec-8" daemon [_thread_blocked, id=24067, stack(0x000070000d769000,0x000070000d869000)]
  0x00007fca6e9c6000 JavaThread "http-nio-8080-exec-7" daemon [_thread_blocked, id=38915, stack(0x000070000d666000,0x000070000d766000)]
  0x00007fca6dd8a000 JavaThread "http-nio-8080-exec-6" daemon [_thread_blocked, id=23811, stack(0x000070000d563000,0x000070000d663000)]
=>0x00007fca6e9c3000 JavaThread "http-nio-8080-exec-5" daemon [_thread_in_Java, id=39427, stack(0x000070000d460000,0x000070000d560000)]
  0x00007fca6deed800 JavaThread "http-nio-8080-exec-4" daemon [_thread_blocked, id=39939, stack(0x000070000d35d000,0x000070000d45d000)]
  0x00007fca6e388800 JavaThread "http-nio-8080-exec-3" daemon [_thread_blocked, id=40451, stack(0x000070000d25a000,0x000070000d35a000)]
  0x00007fca6e25b000 JavaThread "http-nio-8080-exec-1" daemon [_thread_blocked, id=14855, stack(0x000070000c739000,0x000070000c839000)]
  0x00007fca6d2a8800 JavaThread "http-nio-8080-exec-2" daemon [_thread_blocked, id=15115, stack(0x000070000c636000,0x000070000c736000)]
  0x00007fca6d002800 JavaThread "DestroyJavaVM" [_thread_blocked, id=6147, stack(0x000070000b606000,0x000070000b706000)]
  0x00007fca6d617800 JavaThread "Thread-6" daemon [_thread_blocked, id=40963, stack(0x000070000d157000,0x000070000d257000)]
  0x00007fca6d64d800 JavaThread "Thread-8" [_thread_blocked, id=23299, stack(0x000070000d054000,0x000070000d154000)]
  0x00007fca6df25000 JavaThread "Thread-7" daemon [_thread_blocked, id=22787, stack(0x000070000cf51000,0x000070000d051000)]
  0x00007fca6df1b000 JavaThread "http-nio-8080-AsyncTimeout" daemon [_thread_blocked, id=41475, stack(0x000070000ce4e000,0x000070000cf4e000)]
  0x00007fca6df1a000 JavaThread "http-nio-8080-Acceptor-0" daemon [_thread_in_native, id=41987, stack(0x000070000cd4b000,0x000070000ce4b000)]
  0x00007fca6df20800 JavaThread "http-nio-8080-ClientPoller-1" daemon [_thread_in_native, id=42243, stack(0x000070000cc48000,0x000070000cd48000)]
  0x00007fca6d652000 JavaThread "http-nio-8080-ClientPoller-0" daemon [_thread_in_native, id=42755, stack(0x000070000cb45000,0x000070000cc45000)]
  0x00007fca6d61b000 JavaThread "NioBlockingSelector.BlockPoller-1" daemon [_thread_in_native, id=43011, stack(0x000070000ca42000,0x000070000cb42000)]
  0x00007fca6d6b9000 JavaThread "container-0" [_thread_blocked, id=21763, stack(0x000070000c93f000,0x000070000ca3f000)]
  0x00007fca6d6ba000 JavaThread "ContainerBackgroundProcessor[StandardEngine[Tomcat]]" daemon [_thread_blocked, id=14595, stack(0x000070000c83c000,0x000070000c93c000)]
  0x00007fca6d30c800 JavaThread "Abandoned connection cleanup thread" daemon [_thread_blocked, id=4615, stack(0x000070000c533000,0x000070000c633000)]
  0x00007fca6e94e800 JavaThread "Tomcat JDBC Pool Cleaner[414493378:1536685182713]" daemon [_thread_blocked, id=4871, stack(0x000070000b47d000,0x000070000b57d000)]
  0x00007fca6d383000 JavaThread "FileSystemWatcher: files=#49 cl=sun.misc.Launcher$AppClassLoader@18b4aac2" daemon [_thread_blocked, id=15875, stack(0x000070000c430000,0x000070000c530000)]
  0x00007fca6d9fb800 JavaThread "Service Thread" daemon [_thread_blocked, id=16643, stack(0x000070000c22a000,0x000070000c32a000)]
  0x00007fca6d23a800 JavaThread "C1 CompilerThread2" daemon [_thread_blocked, id=16899, stack(0x000070000c127000,0x000070000c227000)]
  0x00007fca6d23a000 JavaThread "C2 CompilerThread1" daemon [_thread_blocked, id=17411, stack(0x000070000c024000,0x000070000c124000)]
  0x00007fca6e922000 JavaThread "C2 CompilerThread0" daemon [_thread_blocked, id=17923, stack(0x000070000bf21000,0x000070000c021000)]
  0x00007fca6d010800 JavaThread "Signal Dispatcher" daemon [_thread_blocked, id=12811, stack(0x000070000be1e000,0x000070000bf1e000)]
  0x00007fca6d003000 JavaThread "Finalizer" daemon [_thread_blocked, id=20227, stack(0x000070000bd1b000,0x000070000be1b000)]
  0x00007fca6d827000 JavaThread "Reference Handler" daemon [_thread_blocked, id=11523, stack(0x000070000bc18000,0x000070000bd18000)]

Other Threads:
  0x00007fca6d000800 VMThread [stack: 0x000070000bb15000,0x000070000bc15000] [id=11267]
  0x00007fca6d861800 WatcherThread [stack: 0x000070000c32d000,0x000070000c42d000] [id=16131]

VM state:not at safepoint (normal execution)

VM Mutex/Monitor currently owned by a thread: None

Heap:
 PSYoungGen      total 217088K, used 152948K [0x00000007b0000000, 0x00000007c0000000, 0x00000007c0000000)
  eden space 172032K, 62% used [0x00000007b0000000,0x00000007b695faf8,0x00000007ba800000)
  from space 45056K, 99% used [0x00000007ba800000,0x00000007bd3fd648,0x00000007bd400000)
  to   space 45056K, 0% used [0x00000007bd400000,0x00000007bd400000,0x00000007c0000000)
 ParOldGen       total 524288K, used 90967K [0x0000000790000000, 0x00000007b0000000, 0x00000007b0000000)
  object space 524288K, 17% used [0x0000000790000000,0x00000007958d5cf0,0x00000007b0000000)
 Metaspace       used 70014K, capacity 71528K, committed 71680K, reserved 1112064K
  class space    used 8401K, capacity 8837K, committed 8960K, reserved 1048576K

Card table byte_map: [0x000000010bb74000,0x000000010bcf5000] byte_map_base: 0x0000000107ef4000

Marking Bits: (ParMarkBitMap*) 0x000000010b0f9cd0
 Begin Bits: [0x000000010bdf5000, 0x000000010c9f5000)
 End Bits:   [0x000000010c9f5000, 0x000000010d5f5000)

Polling page: 0x0000000109ec2000

CodeCache: size=245760Kb used=17147Kb max_used=17147Kb free=228612Kb
 bounds [0x000000011017a000, 0x000000011124a000, 0x000000011f17a000]
 total_blobs=8416 nmethods=7611 adapters=717
 compilation: enabled

Compilation events (10 events):
Event: 458.038 Thread 0x00007fca6d23a800 nmethod 7794 0x000000011123b610 code [0x000000011123b780, 0x000000011123b8c8]
Event: 458.045 Thread 0x00007fca6d23a800 7795       1       java.util.concurrent.ConcurrentHashMap$CollectionView::size (8 bytes)
Event: 458.045 Thread 0x00007fca6d23a800 nmethod 7795 0x000000011123b950 code [0x000000011123bac0, 0x000000011123bc48]
Event: 458.137 Thread 0x00007fca6d23a800 7796       1       com.mysql.jdbc.Field::isNativeDateTimeType (51 bytes)
Event: 458.138 Thread 0x00007fca6d23a800 nmethod 7796 0x000000011123bd10 code [0x000000011123be60, 0x000000011123bfb0]
Event: 458.138 Thread 0x00007fca6d23a800 7797       1       com.mysql.jdbc.ConnectionPropertiesImpl::getGatherPerformanceMetrics (8 bytes)
Event: 458.138 Thread 0x00007fca6d23a800 nmethod 7797 0x000000011123c010 code [0x000000011123c180, 0x000000011123c2f0]
Event: 458.138 Thread 0x00007fca6d23a800 7798       1       org.hibernate.loader.plan.exec.process.internal.ResultSetProcessingContextImpl::getSession (5 bytes)
Event: 458.138 Thread 0x00007fca6d23a800 nmethod 7798 0x000000011123c3d0 code [0x000000011123c520, 0x000000011123c630]
Event: 458.147 Thread 0x00007fca6d23a800 7799       1       org.springsource.loaded.ReloadableType::hasBeenReloaded (13 bytes)

GC Heap History (10 events):
Event: 136.962 GC heap before
{Heap before GC invocations=28 (full 3):
 PSYoungGen      total 228352K, used 211747K [0x00000007b0000000, 0x00000007c0000000, 0x00000007c0000000)
  eden space 193024K, 100% used [0x00000007b0000000,0x00000007bbc80000,0x00000007bbc80000)
  from space 35328K, 52% used [0x00000007bdd80000,0x00000007befc8d10,0x00000007c0000000)
  to   space 33792K, 0% used [0x00000007bbc80000,0x00000007bbc80000,0x00000007bdd80000)
 ParOldGen       total 524288K, used 86699K [0x0000000790000000, 0x00000007b0000000, 0x00000007b0000000)
  object space 524288K, 16% used [0x0000000790000000,0x00000007954aad10,0x00000007b0000000)
 Metaspace       used 65048K, capacity 66246K, committed 66432K, reserved 1107968K
  class space    used 7937K, capacity 8263K, committed 8320K, reserved 1048576K
Event: 136.985 GC heap after
Heap after GC invocations=28 (full 3):
 PSYoungGen      total 226816K, used 22911K [0x00000007b0000000, 0x00000007c0000000, 0x00000007c0000000)
  eden space 193024K, 0% used [0x00000007b0000000,0x00000007b0000000,0x00000007bbc80000)
  from space 33792K, 67% used [0x00000007bbc80000,0x00000007bd2dfc58,0x00000007bdd80000)
  to   space 34304K, 0% used [0x00000007bde80000,0x00000007bde80000,0x00000007c0000000)
 ParOldGen       total 524288K, used 86707K [0x0000000790000000, 0x00000007b0000000, 0x00000007b0000000)
  object space 524288K, 16% used [0x0000000790000000,0x00000007954acd10,0x00000007b0000000)
 Metaspace       used 65048K, capacity 66246K, committed 66432K, reserved 1107968K
  class space    used 7937K, capacity 8263K, committed 8320K, reserved 1048576K
}
Event: 291.800 GC heap before
{Heap before GC invocations=29 (full 3):
 PSYoungGen      total 226816K, used 210435K [0x00000007b0000000, 0x00000007c0000000, 0x00000007c0000000)
  eden space 193024K, 97% used [0x00000007b0000000,0x00000007bb7211e8,0x00000007bbc80000)
  from space 33792K, 67% used [0x00000007bbc80000,0x00000007bd2dfc58,0x00000007bdd80000)
  to   space 34304K, 0% used [0x00000007bde80000,0x00000007bde80000,0x00000007c0000000)
 ParOldGen       total 524288K, used 86707K [0x0000000790000000, 0x00000007b0000000, 0x00000007b0000000)
  object space 524288K, 16% used [0x0000000790000000,0x00000007954acd10,0x00000007b0000000)
 Metaspace       used 66558K, capacity 67888K, committed 68096K, reserved 1110016K
  class space    used 8096K, capacity 8433K, committed 8448K, reserved 1048576K
Event: 291.861 GC heap after
Heap after GC invocations=29 (full 3):
 PSYoungGen      total 223744K, used 28110K [0x00000007b0000000, 0x00000007c0000000, 0x00000007c0000000)
  eden space 189440K, 0% used [0x00000007b0000000,0x00000007b0000000,0x00000007bb900000)
  from space 34304K, 81% used [0x00000007bde80000,0x00000007bf9f39c0,0x00000007c0000000)
  to   space 36352K, 0% used [0x00000007bb900000,0x00000007bb900000,0x00000007bdc80000)
 ParOldGen       total 524288K, used 86715K [0x0000000790000000, 0x00000007b0000000, 0x00000007b0000000)
  object space 524288K, 16% used [0x0000000790000000,0x00000007954aed10,0x00000007b0000000)
 Metaspace       used 66558K, capacity 67888K, committed 68096K, reserved 1110016K
  class space    used 8096K, capacity 8433K, committed 8448K, reserved 1048576K
}
Event: 362.800 GC heap before
{Heap before GC invocations=30 (full 3):
 PSYoungGen      total 223744K, used 217550K [0x00000007b0000000, 0x00000007c0000000, 0x00000007c0000000)
  eden space 189440K, 100% used [0x00000007b0000000,0x00000007bb900000,0x00000007bb900000)
  from space 34304K, 81% used [0x00000007bde80000,0x00000007bf9f39c0,0x00000007c0000000)
  to   space 36352K, 0% used [0x00000007bb900000,0x00000007bb900000,0x00000007bdc80000)
 ParOldGen       total 524288K, used 86715K [0x0000000790000000, 0x00000007b0000000, 0x00000007b0000000)
  object space 524288K, 16% used [0x0000000790000000,0x00000007954aed10,0x00000007b0000000)
 Metaspace       used 67505K, capacity 68860K, committed 68992K, reserved 1110016K
  class space    used 8164K, capacity 8557K, committed 8576K, reserved 1048576K
Event: 362.830 GC heap after
Heap after GC invocations=30 (full 3):
 PSYoungGen      total 221696K, used 31805K [0x00000007b0000000, 0x00000007c0000000, 0x00000007c0000000)
  eden space 189440K, 0% used [0x00000007b0000000,0x00000007b0000000,0x00000007bb900000)
  from space 32256K, 98% used [0x00000007bb900000,0x00000007bd80f6c0,0x00000007bd880000)
  to   space 39424K, 0% used [0x00000007bd980000,0x00000007bd980000,0x00000007c0000000)
 ParOldGen       total 524288K, used 86723K [0x0000000790000000, 0x00000007b0000000, 0x00000007b0000000)
  object space 524288K, 16% used [0x0000000790000000,0x00000007954b0d10,0x00000007b0000000)
 Metaspace       used 67505K, capacity 68860K, committed 68992K, reserved 1110016K
  class space    used 8164K, capacity 8557K, committed 8576K, reserved 1048576K
}
Event: 450.643 GC heap before
{Heap before GC invocations=31 (full 3):
 PSYoungGen      total 221696K, used 221245K [0x00000007b0000000, 0x00000007c0000000, 0x00000007c0000000)
  eden space 189440K, 100% used [0x00000007b0000000,0x00000007bb900000,0x00000007bb900000)
  from space 32256K, 98% used [0x00000007bb900000,0x00000007bd80f6c0,0x00000007bd880000)
  to   space 39424K, 0% used [0x00000007bd980000,0x00000007bd980000,0x00000007c0000000)
 ParOldGen       total 524288K, used 86723K [0x0000000790000000, 0x00000007b0000000, 0x00000007b0000000)
  object space 524288K, 16% used [0x0000000790000000,0x00000007954b0d10,0x00000007b0000000)
 Metaspace       used 68421K, capacity 69926K, committed 70272K, reserved 1110016K
  class space    used 8264K, capacity 8705K, committed 8832K, reserved 1048576K
Event: 450.697 GC heap after
Heap after GC invocations=31 (full 3):
 PSYoungGen      total 211456K, used 39413K [0x00000007b0000000, 0x00000007c0000000, 0x00000007c0000000)
  eden space 172032K, 0% used [0x00000007b0000000,0x00000007b0000000,0x00000007ba800000)
  from space 39424K, 99% used [0x00000007bd980000,0x00000007bfffd718,0x00000007c0000000)
  to   space 45056K, 0% used [0x00000007ba800000,0x00000007ba800000,0x00000007bd400000)
 ParOldGen       total 524288K, used 87365K [0x0000000790000000, 0x00000007b0000000, 0x00000007b0000000)
  object space 524288K, 16% used [0x0000000790000000,0x0000000795551418,0x00000007b0000000)
 Metaspace       used 68421K, capacity 69926K, committed 70272K, reserved 1110016K
  class space    used 8264K, capacity 8705K, committed 8832K, reserved 1048576K
}
Event: 452.613 GC heap before
{Heap before GC invocations=32 (full 3):
 PSYoungGen      total 211456K, used 211445K [0x00000007b0000000, 0x00000007c0000000, 0x00000007c0000000)
  eden space 172032K, 100% used [0x00000007b0000000,0x00000007ba800000,0x00000007ba800000)
  from space 39424K, 99% used [0x00000007bd980000,0x00000007bfffd718,0x00000007c0000000)
  to   space 45056K, 0% used [0x00000007ba800000,0x00000007ba800000,0x00000007bd400000)
 ParOldGen       total 524288K, used 87365K [0x0000000790000000, 0x00000007b0000000, 0x00000007b0000000)
  object space 524288K, 16% used [0x0000000790000000,0x0000000795551418,0x00000007b0000000)
 Metaspace       used 69380K, capacity 70886K, committed 71040K, reserved 1112064K
  class space    used 8334K, capacity 8753K, committed 8832K, reserved 1048576K
Event: 452.661 GC heap after
Heap after GC invocations=32 (full 3):
 PSYoungGen      total 217088K, used 45045K [0x00000007b0000000, 0x00000007c0000000, 0x00000007c0000000)
  eden space 172032K, 0% used [0x00000007b0000000,0x00000007b0000000,0x00000007ba800000)
  from space 45056K, 99% used [0x00000007ba800000,0x00000007bd3fd648,0x00000007bd400000)
  to   space 45056K, 0% used [0x00000007bd400000,0x00000007bd400000,0x00000007c0000000)
 ParOldGen       total 524288K, used 90967K [0x0000000790000000, 0x00000007b0000000, 0x00000007b0000000)
  object space 524288K, 17% used [0x0000000790000000,0x00000007958d5cf0,0x00000007b0000000)
 Metaspace       used 69380K, capacity 70886K, committed 71040K, reserved 1112064K
  class space    used 8334K, capacity 8753K, committed 8832K, reserved 1048576K
}

Deoptimization events (0 events):
No events

Classes redefined (0 events):
No events

Internal exceptions (10 events):
Event: 458.145 Thread 0x00007fca6e9c3000 Exception <a 'java/lang/ArrayIndexOutOfBoundsException'> (0x00000007b68da430) thrown at [/Users/java_re/workspace/8-2-build-macosx-x86_64/jdk8u181/11358/hotspot/src/share/vm/runtime/sharedRuntime.cpp, line 605]
Event: 458.145 Thread 0x00007fca6e9c3000 Exception <a 'java/lang/ArrayIndexOutOfBoundsException'> (0x00000007b68e2608) thrown at [/Users/java_re/workspace/8-2-build-macosx-x86_64/jdk8u181/11358/hotspot/src/share/vm/runtime/sharedRuntime.cpp, line 605]
Event: 458.145 Thread 0x00007fca6e9c3000 Exception <a 'java/lang/ArrayIndexOutOfBoundsException'> (0x00000007b68e5ad8) thrown at [/Users/java_re/workspace/8-2-build-macosx-x86_64/jdk8u181/11358/hotspot/src/share/vm/runtime/sharedRuntime.cpp, line 605]
Event: 458.145 Thread 0x00007fca6e9c3000 Exception <a 'java/lang/ArrayIndexOutOfBoundsException'> (0x00000007b68e8b80) thrown at [/Users/java_re/workspace/8-2-build-macosx-x86_64/jdk8u181/11358/hotspot/src/share/vm/runtime/sharedRuntime.cpp, line 605]
Event: 458.146 Thread 0x00007fca6e9c3000 Exception <a 'java/lang/ArrayIndexOutOfBoundsException'> (0x00000007b68f1578) thrown at [/Users/java_re/workspace/8-2-build-macosx-x86_64/jdk8u181/11358/hotspot/src/share/vm/runtime/sharedRuntime.cpp, line 605]
Event: 458.146 Thread 0x00007fca6e9c3000 Exception <a 'java/lang/ArrayIndexOutOfBoundsException'> (0x00000007b68f4568) thrown at [/Users/java_re/workspace/8-2-build-macosx-x86_64/jdk8u181/11358/hotspot/src/share/vm/runtime/sharedRuntime.cpp, line 605]
Event: 458.146 Thread 0x00007fca6e9c3000 Exception <a 'java/lang/ArrayIndexOutOfBoundsException'> (0x00000007b68fb298) thrown at [/Users/java_re/workspace/8-2-build-macosx-x86_64/jdk8u181/11358/hotspot/src/share/vm/runtime/sharedRuntime.cpp, line 605]
Event: 458.146 Thread 0x00007fca6e9c3000 Exception <a 'java/lang/ArrayIndexOutOfBoundsException'> (0x00000007b6900328) thrown at [/Users/java_re/workspace/8-2-build-macosx-x86_64/jdk8u181/11358/hotspot/src/share/vm/runtime/sharedRuntime.cpp, line 605]
Event: 458.146 Thread 0x00007fca6e9c3000 Exception <a 'java/lang/ArrayIndexOutOfBoundsException'> (0x00000007b6903658) thrown at [/Users/java_re/workspace/8-2-build-macosx-x86_64/jdk8u181/11358/hotspot/src/share/vm/runtime/sharedRuntime.cpp, line 605]
Event: 458.146 Thread 0x00007fca6e9c3000 Exception <a 'java/lang/ArrayIndexOutOfBoundsException'> (0x00000007b6905468) thrown at [/Users/java_re/workspace/8-2-build-macosx-x86_64/jdk8u181/11358/hotspot/src/share/vm/runtime/sharedRuntime.cpp, line 605]

Events (10 events):
Event: 458.141 loading class ipark/ParkingLotBeanInfo
Event: 458.141 loading class ipark/ParkingLotBeanInfo done
Event: 458.141 loading class ipark/ParkingLotBeanInfo
Event: 458.141 loading class ipark/ParkingLotBeanInfo done
Event: 458.141 loading class ipark/ParkingLotCustomizer
Event: 458.141 loading class ipark/ParkingLotCustomizer done
Event: 458.142 loading class ipark/ParkingLotCustomizer
Event: 458.142 loading class ipark/ParkingLotCustomizer done
Event: 458.142 loading class ipark/ParkingLotCustomizer
Event: 458.142 loading class ipark/ParkingLotCustomizer done


Dynamic libraries:
0x00007fff4d1c1000 	/System/Library/Frameworks/Cocoa.framework/Versions/A/Cocoa
0x00007fff597f6000 	/System/Library/Frameworks/Security.framework/Versions/A/Security
0x00007fff4be04000 	/System/Library/Frameworks/ApplicationServices.framework/Versions/A/ApplicationServices
0x00007fff7569a000 	/usr/lib/libz.1.dylib
0x00007fff7354d000 	/usr/lib/libSystem.B.dylib
0x00007fff74c87000 	/usr/lib/libobjc.A.dylib
0x00007fff4d986000 	/System/Library/Frameworks/CoreFoundation.framework/Versions/A/CoreFoundation
0x00007fff4fafe000 	/System/Library/Frameworks/Foundation.framework/Versions/C/Foundation
0x00007fff4af54000 	/System/Library/Frameworks/AppKit.framework/Versions/C/AppKit
0x00007fff4d539000 	/System/Library/Frameworks/CoreData.framework/Versions/A/CoreData
0x00007fff6ce97000 	/System/Library/PrivateFrameworks/RemoteViewServices.framework/Versions/A/RemoteViewServices
0x00007fff715f2000 	/System/Library/PrivateFrameworks/UIFoundation.framework/Versions/A/UIFoundation
0x00007fff61cac000 	/System/Library/PrivateFrameworks/DFRFoundation.framework/Versions/A/DFRFoundation
0x00007fff5216b000 	/System/Library/Frameworks/Metal.framework/Versions/A/Metal
0x00007fff61e49000 	/System/Library/PrivateFrameworks/DesktopServicesPriv.framework/Versions/A/DesktopServicesPriv
0x00007fff741d5000 	/usr/lib/libenergytrace.dylib
0x00007fff6f65e000 	/System/Library/PrivateFrameworks/SkyLight.framework/Versions/A/SkyLight
0x00007fff4de22000 	/System/Library/Frameworks/CoreGraphics.framework/Versions/A/CoreGraphics
0x00007fff73548000 	/usr/lib/libScreenReader.dylib
0x00007fff49c67000 	/System/Library/Frameworks/Accelerate.framework/Versions/A/Accelerate
0x00007fff50277000 	/System/Library/Frameworks/IOSurface.framework/Versions/A/IOSurface
0x00007fff4c34e000 	/System/Library/Frameworks/AudioToolbox.framework/Versions/A/AudioToolbox
0x00007fff4c5dd000 	/System/Library/Frameworks/AudioUnit.framework/Versions/A/AudioUnit
0x00007fff61d44000 	/System/Library/PrivateFrameworks/DataDetectorsCore.framework/Versions/A/DataDetectorsCore
0x00007fff4ccb4000 	/System/Library/Frameworks/Carbon.framework/Versions/A/Frameworks/HIToolbox.framework/Versions/A/HIToolbox
0x00007fff7432f000 	/usr/lib/libicucore.A.dylib
0x00007fff58d76000 	/System/Library/Frameworks/QuartzCore.framework/Versions/A/QuartzCore
0x00007fff6e914000 	/System/Library/PrivateFrameworks/SignpostNotification.framework/Versions/A/SignpostNotification
0x00007fff4d09a000 	/System/Library/Frameworks/Carbon.framework/Versions/A/Frameworks/SpeechRecognition.framework/Versions/A/SpeechRecognition
0x00007fff7372b000 	/usr/lib/libauto.dylib
0x00007fff75589000 	/usr/lib/libxml2.2.dylib
0x00007fff618fd000 	/System/Library/PrivateFrameworks/CoreUI.framework/Versions/A/CoreUI
0x00007fff4d415000 	/System/Library/Frameworks/CoreAudio.framework/Versions/A/CoreAudio
0x00007fff4f938000 	/System/Library/Frameworks/DiskArbitration.framework/Versions/A/DiskArbitration
0x00007fff745a3000 	/usr/lib/liblangid.dylib
0x00007fff693a4000 	/System/Library/PrivateFrameworks/MultitouchSupport.framework/Versions/A/MultitouchSupport
0x00007fff501da000 	/System/Library/Frameworks/IOKit.framework/Versions/A/IOKit
0x00007fff731d7000 	/usr/lib/libDiagnosticMessagesClient.dylib
0x00007fff4eb16000 	/System/Library/Frameworks/CoreServices.framework/Versions/A/CoreServices
0x00007fff6aed4000 	/System/Library/PrivateFrameworks/PerformanceAnalysis.framework/Versions/A/PerformanceAnalysis
0x00007fff57f18000 	/System/Library/Frameworks/OpenGL.framework/Versions/A/OpenGL
0x00007fff4d1cf000 	/System/Library/Frameworks/ColorSync.framework/Versions/A/ColorSync
0x00007fff4e452000 	/System/Library/Frameworks/CoreImage.framework/Versions/A/CoreImage
0x00007fff4f4a6000 	/System/Library/Frameworks/CoreText.framework/Versions/A/CoreText
0x00007fff502d5000 	/System/Library/Frameworks/ImageIO.framework/Versions/A/ImageIO
0x00007fff5e5fb000 	/System/Library/PrivateFrameworks/Backup.framework/Versions/A/Backup
0x00007fff735f9000 	/usr/lib/libarchive.2.dylib
0x00007fff4c900000 	/System/Library/Frameworks/CFNetwork.framework/Versions/A/CFNetwork
0x00007fff59f87000 	/System/Library/Frameworks/SystemConfiguration.framework/Versions/A/SystemConfiguration
0x00007fff73100000 	/usr/lib/libCRFSuite.dylib
0x00007fff73804000 	/usr/lib/libc++.1.dylib
0x00007fff7385b000 	/usr/lib/libc++abi.dylib
0x00007fff75748000 	/usr/lib/system/libcache.dylib
0x00007fff7574d000 	/usr/lib/system/libcommonCrypto.dylib
0x00007fff75758000 	/usr/lib/system/libcompiler_rt.dylib
0x00007fff75760000 	/usr/lib/system/libcopyfile.dylib
0x00007fff7576a000 	/usr/lib/system/libcorecrypto.dylib
0x00007fff75877000 	/usr/lib/system/libdispatch.dylib
0x00007fff758b1000 	/usr/lib/system/libdyld.dylib
0x00007fff758cf000 	/usr/lib/system/libkeymgr.dylib
0x00007fff758dd000 	/usr/lib/system/liblaunch.dylib
0x00007fff758de000 	/usr/lib/system/libmacho.dylib
0x00007fff758e3000 	/usr/lib/system/libquarantine.dylib
0x00007fff758e6000 	/usr/lib/system/libremovefile.dylib
0x00007fff758e8000 	/usr/lib/system/libsystem_asl.dylib
0x00007fff75900000 	/usr/lib/system/libsystem_blocks.dylib
0x00007fff75901000 	/usr/lib/system/libsystem_c.dylib
0x00007fff7598b000 	/usr/lib/system/libsystem_configuration.dylib
0x00007fff7598f000 	/usr/lib/system/libsystem_coreservices.dylib
0x00007fff75993000 	/usr/lib/system/libsystem_darwin.dylib
0x00007fff75995000 	/usr/lib/system/libsystem_dnssd.dylib
0x00007fff7599c000 	/usr/lib/system/libsystem_info.dylib
0x00007fff75a0d000 	/usr/lib/system/libsystem_m.dylib
0x00007fff75a59000 	/usr/lib/system/libsystem_malloc.dylib
0x00007fff75a79000 	/usr/lib/system/libsystem_network.dylib
0x00007fff75baa000 	/usr/lib/system/libsystem_networkextension.dylib
0x00007fff75bb5000 	/usr/lib/system/libsystem_notify.dylib
0x00007fff75bd3000 	/usr/lib/system/libsystem_sandbox.dylib
0x00007fff75bd7000 	/usr/lib/system/libsystem_secinit.dylib
0x00007fff759e6000 	/usr/lib/system/libsystem_kernel.dylib
0x00007fff75bbf000 	/usr/lib/system/libsystem_platform.dylib
0x00007fff75bc7000 	/usr/lib/system/libsystem_pthread.dylib
0x00007fff75bd9000 	/usr/lib/system/libsystem_symptoms.dylib
0x00007fff75be1000 	/usr/lib/system/libsystem_trace.dylib
0x00007fff75bf6000 	/usr/lib/system/libunwind.dylib
0x00007fff75bfc000 	/usr/lib/system/libxpc.dylib
0x00007fff73013000 	/usr/lib/closure/libclosured.dylib
0x00007fff737e5000 	/usr/lib/libbsm.0.dylib
0x00007fff758d0000 	/usr/lib/system/libkxld.dylib
0x00007fff73411000 	/usr/lib/libOpenScriptingUtil.dylib
0x00007fff73b54000 	/usr/lib/libcoretls.dylib
0x00007fff73b6d000 	/usr/lib/libcoretls_cfhelpers.dylib
0x00007fff7508b000 	/usr/lib/libpam.2.dylib
0x00007fff751b2000 	/usr/lib/libsqlite3.dylib
0x00007fff75578000 	/usr/lib/libxar.1.dylib
0x00007fff737f6000 	/usr/lib/libbz2.1.0.dylib
0x00007fff745a5000 	/usr/lib/liblzma.5.dylib
0x00007fff74a86000 	/usr/lib/libnetwork.dylib
0x00007fff735e2000 	/usr/lib/libapple_nghttp2.dylib
0x00007fff75092000 	/usr/lib/libpcap.A.dylib
0x00007fff7372c000 	/usr/lib/libboringssl.dylib
0x00007fff75513000 	/usr/lib/libusrtcp.dylib
0x00007fff735e1000 	/usr/lib/libapple_crypto.dylib
0x00007fff4ee99000 	/System/Library/Frameworks/CoreServices.framework/Versions/A/Frameworks/FSEvents.framework/Versions/A/FSEvents
0x00007fff4eb8c000 	/System/Library/Frameworks/CoreServices.framework/Versions/A/Frameworks/CarbonCore.framework/Versions/A/CarbonCore
0x00007fff4f060000 	/System/Library/Frameworks/CoreServices.framework/Versions/A/Frameworks/Metadata.framework/Versions/A/Metadata
0x00007fff4f111000 	/System/Library/Frameworks/CoreServices.framework/Versions/A/Frameworks/OSServices.framework/Versions/A/OSServices
0x00007fff4f172000 	/System/Library/Frameworks/CoreServices.framework/Versions/A/Frameworks/SearchKit.framework/Versions/A/SearchKit
0x00007fff4eb17000 	/System/Library/Frameworks/CoreServices.framework/Versions/A/Frameworks/AE.framework/Versions/A/AE
0x00007fff4eea2000 	/System/Library/Frameworks/CoreServices.framework/Versions/A/Frameworks/LaunchServices.framework/Versions/A/LaunchServices
0x00007fff4ee64000 	/System/Library/Frameworks/CoreServices.framework/Versions/A/Frameworks/DictionaryServices.framework/Versions/A/DictionaryServices
0x00007fff4f1e1000 	/System/Library/Frameworks/CoreServices.framework/Versions/A/Frameworks/SharedFileList.framework/Versions/A/SharedFileList
0x00007fff533a1000 	/System/Library/Frameworks/NetFS.framework/Versions/A/NetFS
0x00007fff69635000 	/System/Library/PrivateFrameworks/NetAuth.framework/Versions/A/NetAuth
0x00007fff72eaa000 	/System/Library/PrivateFrameworks/login.framework/Versions/A/Frameworks/loginsupport.framework/Versions/A/loginsupport
0x00007fff7126f000 	/System/Library/PrivateFrameworks/TCC.framework/Versions/A/TCC
0x00007fff74686000 	/usr/lib/libmecabra.dylib
0x00007fff4be05000 	/System/Library/Frameworks/ApplicationServices.framework/Versions/A/Frameworks/ATS.framework/Versions/A/ATS
0x00007fff4c1b3000 	/System/Library/Frameworks/ApplicationServices.framework/Versions/A/Frameworks/ColorSyncLegacy.framework/Versions/A/ColorSyncLegacy
0x00007fff4c257000 	/System/Library/Frameworks/ApplicationServices.framework/Versions/A/Frameworks/HIServices.framework/Versions/A/HIServices
0x00007fff4c2aa000 	/System/Library/Frameworks/ApplicationServices.framework/Versions/A/Frameworks/LangAnalysis.framework/Versions/A/LangAnalysis
0x00007fff4c2b9000 	/System/Library/Frameworks/ApplicationServices.framework/Versions/A/Frameworks/PrintCore.framework/Versions/A/PrintCore
0x00007fff4c306000 	/System/Library/Frameworks/ApplicationServices.framework/Versions/A/Frameworks/QD.framework/Versions/A/QD
0x00007fff4c341000 	/System/Library/Frameworks/ApplicationServices.framework/Versions/A/Frameworks/SpeechSynthesis.framework/Versions/A/SpeechSynthesis
0x00007fff4d89e000 	/System/Library/Frameworks/CoreDisplay.framework/Versions/A/CoreDisplay
0x00007fff49c80000 	/System/Library/Frameworks/Accelerate.framework/Versions/A/Frameworks/vImage.framework/Versions/A/vImage
0x00007fff4ac61000 	/System/Library/Frameworks/Accelerate.framework/Versions/A/Frameworks/vecLib.framework/Versions/A/vecLib
0x00007fff4aa36000 	/System/Library/Frameworks/Accelerate.framework/Versions/A/Frameworks/vecLib.framework/Versions/A/libvDSP.dylib
0x00007fff4a570000 	/System/Library/Frameworks/Accelerate.framework/Versions/A/Frameworks/vecLib.framework/Versions/A/libBNNS.dylib
0x00007fff4a99c000 	/System/Library/Frameworks/Accelerate.framework/Versions/A/Frameworks/vecLib.framework/Versions/A/libQuadrature.dylib
0x00007fff4abaa000 	/System/Library/Frameworks/Accelerate.framework/Versions/A/Frameworks/vecLib.framework/Versions/A/libvMisc.dylib
0x00007fff4a5ab000 	/System/Library/Frameworks/Accelerate.framework/Versions/A/Frameworks/vecLib.framework/Versions/A/libLAPACK.dylib
0x00007fff4a3cf000 	/System/Library/Frameworks/Accelerate.framework/Versions/A/Frameworks/vecLib.framework/Versions/A/libBLAS.dylib
0x00007fff4a985000 	/System/Library/Frameworks/Accelerate.framework/Versions/A/Frameworks/vecLib.framework/Versions/A/libLinearAlgebra.dylib
0x00007fff4a9a2000 	/System/Library/Frameworks/Accelerate.framework/Versions/A/Frameworks/vecLib.framework/Versions/A/libSparse.dylib
0x00007fff4aa23000 	/System/Library/Frameworks/Accelerate.framework/Versions/A/Frameworks/vecLib.framework/Versions/A/libSparseBLAS.dylib
0x00007fff66486000 	/System/Library/PrivateFrameworks/GPUWrangler.framework/Versions/A/GPUWrangler
0x00007fff67c16000 	/System/Library/PrivateFrameworks/IOAccelerator.framework/Versions/A/IOAccelerator
0x00007fff67c21000 	/System/Library/PrivateFrameworks/IOPresentment.framework/Versions/A/IOPresentment
0x00007fff61cbe000 	/System/Library/PrivateFrameworks/DSExternalDisplay.framework/Versions/A/DSExternalDisplay
0x00007fff57398000 	/System/Library/Frameworks/OpenGL.framework/Versions/A/Libraries/libCoreFSCache.dylib
0x00007fff4f5f7000 	/System/Library/Frameworks/CoreVideo.framework/Versions/A/CoreVideo
0x00007fff67201000 	/System/Library/PrivateFrameworks/GraphVisualizer.framework/Versions/A/GraphVisualizer
0x00007fff523a2000 	/System/Library/Frameworks/MetalPerformanceShaders.framework/Versions/A/MetalPerformanceShaders
0x00007fff7320f000 	/usr/lib/libFosl_dynamic.dylib
0x00007fff62d90000 	/System/Library/PrivateFrameworks/FaceCore.framework/Versions/A/FaceCore
0x00007fff5619f000 	/System/Library/Frameworks/OpenCL.framework/Versions/A/OpenCL
0x00007fff73892000 	/usr/lib/libcompression.dylib
0x00007fff4bf04000 	/System/Library/Frameworks/ApplicationServices.framework/Versions/A/Frameworks/ATS.framework/Versions/A/Resources/libFontParser.dylib
0x00007fff4c027000 	/System/Library/Frameworks/ApplicationServices.framework/Versions/A/Frameworks/ATS.framework/Versions/A/Resources/libFontRegistry.dylib
0x00007fff50540000 	/System/Library/Frameworks/ImageIO.framework/Versions/A/Resources/libJPEG.dylib
0x00007fff5086a000 	/System/Library/Frameworks/ImageIO.framework/Versions/A/Resources/libTIFF.dylib
0x00007fff50840000 	/System/Library/Frameworks/ImageIO.framework/Versions/A/Resources/libPng.dylib
0x00007fff50453000 	/System/Library/Frameworks/ImageIO.framework/Versions/A/Resources/libGIF.dylib
0x00007fff50458000 	/System/Library/Frameworks/ImageIO.framework/Versions/A/Resources/libJP2.dylib
0x00007fff50867000 	/System/Library/Frameworks/ImageIO.framework/Versions/A/Resources/libRadiance.dylib
0x00007fff5dd26000 	/System/Library/PrivateFrameworks/AppleJPEG.framework/Versions/A/AppleJPEG
0x00007fff52209000 	/System/Library/Frameworks/MetalPerformanceShaders.framework/Frameworks/MPSCore.framework/Versions/A/MPSCore
0x00007fff52225000 	/System/Library/Frameworks/MetalPerformanceShaders.framework/Frameworks/MPSImage.framework/Versions/A/MPSImage
0x00007fff522ba000 	/System/Library/Frameworks/MetalPerformanceShaders.framework/Frameworks/MPSNeuralNetwork.framework/Versions/A/MPSNeuralNetwork
0x00007fff52295000 	/System/Library/Frameworks/MetalPerformanceShaders.framework/Frameworks/MPSMatrix.framework/Versions/A/MPSMatrix
0x00007fff69116000 	/System/Library/PrivateFrameworks/MetalTools.framework/Versions/A/MetalTools
0x00007fff57562000 	/System/Library/Frameworks/OpenGL.framework/Versions/A/Libraries/libGLU.dylib
0x00007fff573a3000 	/System/Library/Frameworks/OpenGL.framework/Versions/A/Libraries/libGFXShared.dylib
0x00007fff573ad000 	/System/Library/Frameworks/OpenGL.framework/Versions/A/Libraries/libGL.dylib
0x00007fff573b9000 	/System/Library/Frameworks/OpenGL.framework/Versions/A/Libraries/libGLImage.dylib
0x00007fff57395000 	/System/Library/Frameworks/OpenGL.framework/Versions/A/Libraries/libCVMSPluginSupport.dylib
0x00007fff5739e000 	/System/Library/Frameworks/OpenGL.framework/Versions/A/Libraries/libCoreVMClient.dylib
0x00007fff7403f000 	/usr/lib/libcups.2.dylib
0x00007fff51771000 	/System/Library/Frameworks/Kerberos.framework/Versions/A/Kerberos
0x00007fff4ff34000 	/System/Library/Frameworks/GSS.framework/Versions/A/GSS
0x00007fff75145000 	/usr/lib/libresolv.9.dylib
0x00007fff7423d000 	/usr/lib/libiconv.2.dylib
0x00007fff67293000 	/System/Library/PrivateFrameworks/Heimdal.framework/Versions/A/Heimdal
0x00007fff7420c000 	/usr/lib/libheimdal-asn1.dylib
0x00007fff5620b000 	/System/Library/Frameworks/OpenDirectory.framework/Versions/A/OpenDirectory
0x00007fff60038000 	/System/Library/PrivateFrameworks/CommonAuth.framework/Versions/A/CommonAuth
0x00007fff561ee000 	/System/Library/Frameworks/OpenDirectory.framework/Versions/A/Frameworks/CFOpenDirectory.framework/Versions/A/CFOpenDirectory
0x00007fff59b20000 	/System/Library/Frameworks/SecurityFoundation.framework/Versions/A/SecurityFoundation
0x00007fff5cef2000 	/System/Library/PrivateFrameworks/APFS.framework/Versions/A/APFS
0x00007fff75574000 	/usr/lib/libutil.dylib
0x00007fff5dda9000 	/System/Library/PrivateFrameworks/AppleSauce.framework/Versions/A/AppleSauce
0x00007fff683fe000 	/System/Library/PrivateFrameworks/LinguisticData.framework/Versions/A/LinguisticData
0x00007fff745bf000 	/usr/lib/libmarisa.dylib
0x00007fff683b8000 	/System/Library/PrivateFrameworks/Lexicon.framework/Versions/A/Lexicon
0x00007fff7313a000 	/usr/lib/libChineseTokenizer.dylib
0x00007fff73881000 	/usr/lib/libcmph.dylib
0x00007fff682c2000 	/System/Library/PrivateFrameworks/LanguageModeling.framework/Versions/A/LanguageModeling
0x00007fff60b44000 	/System/Library/PrivateFrameworks/CoreEmoji.framework/Versions/A/CoreEmoji
0x00007fff59bde000 	/System/Library/Frameworks/ServiceManagement.framework/Versions/A/ServiceManagement
0x00007fff5e5f3000 	/System/Library/PrivateFrameworks/BackgroundTaskManagement.framework/Versions/A/BackgroundTaskManagement
0x00007fff75671000 	/usr/lib/libxslt.1.dylib
0x00007fff4cfc4000 	/System/Library/Frameworks/Carbon.framework/Versions/A/Frameworks/Ink.framework/Versions/A/Ink
0x00007fff71484000 	/System/Library/PrivateFrameworks/TextureIO.framework/Versions/A/TextureIO
0x00007fff73624000 	/usr/lib/libate.dylib
0x00007fff61c1e000 	/System/Library/PrivateFrameworks/CrashReporterSupport.framework/Versions/A/CrashReporterSupport
0x00007fff6e7d6000 	/System/Library/PrivateFrameworks/Sharing.framework/Versions/A/Sharing
0x00007fff68003000 	/System/Library/PrivateFrameworks/IconServices.framework/Versions/A/IconServices
0x00007fff5dbab000 	/System/Library/PrivateFrameworks/Apple80211.framework/Versions/A/Apple80211
0x00007fff61a33000 	/System/Library/PrivateFrameworks/CoreUtils.framework/Versions/A/CoreUtils
0x00007fff4f632000 	/System/Library/Frameworks/CoreWLAN.framework/Versions/A/CoreWLAN
0x00007fff50076000 	/System/Library/Frameworks/IOBluetooth.framework/Versions/A/IOBluetooth
0x00007fff6cca2000 	/System/Library/PrivateFrameworks/ProtocolBuffer.framework/Versions/A/ProtocolBuffer
0x00007fff61bb9000 	/System/Library/PrivateFrameworks/CoreWiFi.framework/Versions/A/CoreWiFi
0x00007fff4d50f000 	/System/Library/Frameworks/CoreBluetooth.framework/Versions/A/CoreBluetooth
0x00007fff61e08000 	/System/Library/PrivateFrameworks/DebugSymbols.framework/Versions/A/DebugSymbols
0x00007fff617e9000 	/System/Library/PrivateFrameworks/CoreSymbolication.framework/Versions/A/CoreSymbolication
0x00007fff70c75000 	/System/Library/PrivateFrameworks/Symbolication.framework/Versions/A/Symbolication
0x00007fff5dbd5000 	/System/Library/PrivateFrameworks/AppleFSCompression.framework/Versions/A/AppleFSCompression
0x00007fff700c3000 	/System/Library/PrivateFrameworks/SpeechRecognitionCore.framework/Versions/A/SpeechRecognitionCore
0x000000010a800000 	/Users/jnvillar/.sdkman/candidates/java/8.0.181-oracle/jre/lib/server/libjvm.dylib
0x00007fff75441000 	/usr/lib/libstdc++.6.0.9.dylib
0x0000000109e7e000 	/Users/jnvillar/.sdkman/candidates/java/8.0.181-oracle/jre/lib/libverify.dylib
0x0000000109e8c000 	/Users/jnvillar/.sdkman/candidates/java/8.0.181-oracle/jre/lib/libjava.dylib
0x0000000109ec3000 	/Users/jnvillar/.sdkman/candidates/java/8.0.181-oracle/jre/lib/libinstrument.dylib
0x0000000109f61000 	/Users/jnvillar/.sdkman/candidates/java/8.0.181-oracle/jre/lib/libzip.dylib
0x000000010fa32000 	/Users/jnvillar/.sdkman/candidates/java/8.0.181-oracle/jre/lib/libnet.dylib
0x0000000110091000 	/Users/jnvillar/.sdkman/candidates/java/8.0.181-oracle/jre/lib/libmanagement.dylib
0x00000001100a4000 	/Users/jnvillar/.sdkman/candidates/java/8.0.181-oracle/jre/lib/libnio.dylib

VM Arguments:
jvm_args: -Dendpoints.shutdown.enabled=true -Denv=development -Dfull.stacktrace=false -Dgrails.env=development -Dgrails.full.stacktrace=false -Dinfo.app.grailsVersion=3.3.5 -Dinfo.app.name=iPark -Dinfo.app.version=0.1 -Djdk.reflect.allowGetCallerClass=true -Drun.active=true -Dspring.output.ansi.enabled=always -Dspringloaded=inclusions=grails.plugins..*;synchronize=true;allowSplitPackages=true;cacheDir=/Users/jnvillar/Documents/iPark/build/springloaded -Dverbose=false -XX:+TieredCompilation -XX:TieredStopAtLevel=1 -XX:CICompilerCount=3 -javaagent:/Users/jnvillar/.gradle/caches/modules-2/files-2.1/org.springframework/springloaded/1.2.8.RELEASE/b60bac05b0451cdc1863bfec617f39aa0dcaaa43/springloaded-1.2.8.RELEASE.jar -Xverify:none -Xms768m -Xmx768m -Dfile.encoding=UTF-8 -Duser.country=AR -Duser.language=en -Duser.variant 
java_command: ipark.Application
java_class_path (initial): /Users/jnvillar/Documents/iPark/src/main/resources:/Users/jnvillar/Documents/iPark/grails-app/views:/Users/jnvillar/Documents/iPark/grails-app/i18n:/Users/jnvillar/Documents/iPark/grails-app/conf:/Users/jnvillar/Documents/iPark/build/classes/main:/Users/jnvillar/Documents/iPark/build/resources/main:/Users/jnvillar/Documents/iPark/gsp-classes:/Users/jnvillar/.gradle/caches/modules-2/files-2.1/com.github.jsimone/webapp-runner/8.5.11.3/16054a160c454e65c65c2236a18a202451a37085/webapp-runner-8.5.11.3.jar:/Users/jnvillar/.gradle/caches/modules-2/files-2.1/org.springframework.boot/spring-boot-starter-logging/1.5.12.RELEASE/88b9a16ff87f0a7faec7848e9a5626ffbbac588f/spring-boot-starter-logging-1.5.12.RELEASE.jar:/Users/jnvillar/.gradle/caches/modules-2/files-2.1/org.springframework.boot/spring-boot-autoconfigure/1.5.12.RELEASE/932ab2609793ebc00576cbae77085bb83e5c9008/spring-boot-autoconfigure-1.5.12.RELEASE.jar:/Users/jnvillar/.gradle/caches/modules-2/files-2.1/org.grails/grails-core/3.3.5/8044ecc48da9a8427953ffb1b7fe0a169b5b75eb/grails-core-3.3.5.jar:/Users/jnvillar/.gradle/caches/modules-2/files-2.1/org.springframework.boot/spring-boot-starter-actuator/1.5.12.RELEASE/492b2762b659ff66970bda22802d06e1b4ce9f5b/spring-boot-starter-actuator-1.5.12.RELEASE.jar:/Users/jnvillar/.gradle/caches/modules-2/files-2.1/org.springframework.boot/spring-boot-starter-tomcat/1.5.12.RELEASE/a4e81f071d2b5a9c9fb5a219b361b683a8eb3d91/spring-boot-starter-tomcat-1.5.12.RELEASE.jar:/Users/jnvillar/.gradle/caches/modules-2/files-2.1/org.grails/grails-web-boot/3.3.5/96b9ec5a3904970ecb1dd5d2d783bb54e46339f/grails-web-boot-3.3.5.jar:/Users/jnvillar/.gradle/caches/modules-2/files-2.1/org.grails/grails-logging/3.3.5/cd27aad74b27447d2aebe1a85b4fbc89af2d3c3d/grails-logging-3.3.5.jar:/Users/jnvillar/.gradle/caches/modules-2/files-2.1/org.grails/grails-plugin-rest/3.3.5/225fd803f4047cf880ec8c16227f38fa0e53d630/grails-plugin-rest-3.3.5.jar:/Users/jnvillar/.gradle/caches/modules-2/fi
Launcher Type: SUN_STANDARD

Environment Variables:
JAVA_HOME=/Users/jnvillar/.sdkman/candidates/java/current
PATH=/Users/jnvillar/.rvm/gems/ruby-2.4.1/bin:/Users/jnvillar/.rvm/gems/ruby-2.4.1@global/bin:/Users/jnvillar/.rvm/rubies/ruby-2.4.1/bin:/Users/jnvillar/.sdkman/candidates/java/current/bin:/Users/jnvillar/.sdkman/candidates/grails/current/bin:/Users/jnvillar/.sdkman/candidates/gradle/current/bin:/Users/jnvillar/.oh-my-zsh/custom/plugins/git-open:/usr/local/npm_packages/bin:/Library/Frameworks/Python.framework/Versions/3.6/bin:/usr/local/bin:/usr/bin:/bin:/usr/sbin:/sbin:/usr/local/go/bin:/Applications/Wireshark.app/Contents/MacOS:/Users/jnvillar/.rvm/bin
SHELL=/bin/zsh

Signal Handlers:
SIGSEGV: [libjvm.dylib+0x5b6029], sa_mask[0]=11111111011111110111111111111111, sa_flags=SA_ONSTACK|SA_RESTART|SA_SIGINFO
SIGBUS: [libjvm.dylib+0x5b6029], sa_mask[0]=11111111011111110111111111111111, sa_flags=SA_RESTART|SA_SIGINFO
SIGFPE: [libjvm.dylib+0x48b934], sa_mask[0]=11111111011111110111111111111111, sa_flags=SA_RESTART|SA_SIGINFO
SIGPIPE: [libjvm.dylib+0x48b934], sa_mask[0]=11111111011111110111111111111111, sa_flags=SA_RESTART|SA_SIGINFO
SIGXFSZ: [libjvm.dylib+0x48b934], sa_mask[0]=11111111011111110111111111111111, sa_flags=SA_RESTART|SA_SIGINFO
SIGILL: [libjvm.dylib+0x48b934], sa_mask[0]=11111111011111110111111111111111, sa_flags=SA_RESTART|SA_SIGINFO
SIGUSR1: SIG_DFL, sa_mask[0]=00000000000000000000000000000000, sa_flags=SA_RESTART
SIGUSR2: [libjvm.dylib+0x48b452], sa_mask[0]=00100000000000000000000000000000, sa_flags=SA_RESTART|SA_SIGINFO
SIGHUP: [libjvm.dylib+0x489a1d], sa_mask[0]=11111111011111110111111111111111, sa_flags=SA_RESTART|SA_SIGINFO
SIGINT: [libjvm.dylib+0x489a1d], sa_mask[0]=11111111011111110111111111111111, sa_flags=SA_RESTART|SA_SIGINFO
SIGTERM: [libjvm.dylib+0x489a1d], sa_mask[0]=11111111011111110111111111111111, sa_flags=SA_RESTART|SA_SIGINFO
SIGQUIT: [libjvm.dylib+0x489a1d], sa_mask[0]=11111111011111110111111111111111, sa_flags=SA_RESTART|SA_SIGINFO


---------------  S Y S T E M  ---------------

OS:Bsduname:Darwin 17.6.0 Darwin Kernel Version 17.6.0: Tue May  8 15:22:16 PDT 2018; root:xnu-4570.61.1~1/RELEASE_X86_64 x86_64
rlimit: STACK 8192k, CORE 0k, NPROC 1418, NOFILE 10240, AS infinity
load average:3.24 2.80 2.92

CPU:total 4 (initial active 4) (2 cores per cpu, 2 threads per core) family 6 model 58 stepping 9, cmov, cx8, fxsr, mmx, sse, sse2, sse3, ssse3, sse4.1, sse4.2, popcnt, avx, aes, clmul, erms, ht, tsc, tscinvbit, tscinv

Memory: 4k page, physical 16777216k(177760k free)

/proc/meminfo:


vm_info: Java HotSpot(TM) 64-Bit Server VM (25.181-b13) for bsd-amd64 JRE (1.8.0_181-b13), built on Jul  7 2018 01:02:31 by "java_re" with gcc 4.2.1 (Based on Apple Inc. build 5658) (LLVM build 2336.11.00)

time: Tue Sep 11 14:07:11 2018
elapsed time: 458 seconds (0d 0h 7m 38s)

